  Leg.cpp
E:\Cpplabrary\eigen-3.4.0\eigen-3.4.0\Eigen\src\Core\arch\Default\Half.h(1,1): warning C4819: 该文件包含不能在当前代码页(936)中表示的字符。请将该文件保存为 Unicode 格式以防止数据丢失
  (编译源文件“Leg.cpp”)
  
E:\Cpplabrary\eigen-3.4.0\eigen-3.4.0\Eigen\src\Core\arch\Default\BFloat16.h(1,1): warning C4819: 该文件包含不能在当前代码页(936)中表示的字符。请将该文件保存为 Unicode 格式以防止数据丢失
  (编译源文件“Leg.cpp”)
  
E:\Cpplabrary\eigen-3.4.0\eigen-3.4.0\Eigen\src\Core\arch\Default\GenericPacketMathFunctions.h(676,1): warning C4819: 该文件包含不能在当前代码页(936)中表示的字符。请将该文件保存为 Unicode 格式以防止数据丢失
  (编译源文件“Leg.cpp”)
  
D:\Desktop\轮足相关\轮足\controllers\controllerCPP\Leg.cpp(9,60): warning C4305: “参数”: 从“double”到“const float”截断
D:\Desktop\轮足相关\轮足\controllers\controllerCPP\Leg.cpp(14,60): warning C4305: “参数”: 从“double”到“const float”截断
D:\Desktop\轮足相关\轮足\controllers\controllerCPP\Leg.cpp(53,16): warning C4244: “初始化”: 从“double”转换到“float”，可能丢失数据
D:\Desktop\轮足相关\轮足\controllers\controllerCPP\Leg.cpp(56,16): warning C4244: “初始化”: 从“double”转换到“float”，可能丢失数据
D:\Desktop\轮足相关\轮足\controllers\controllerCPP\Leg.cpp(57,16): warning C4244: “初始化”: 从“double”转换到“float”，可能丢失数据
D:\Desktop\轮足相关\轮足\controllers\controllerCPP\Leg.cpp(58,20): warning C4244: “=”: 从“double”转换到“float”，可能丢失数据
D:\Desktop\轮足相关\轮足\controllers\controllerCPP\Leg.cpp(59,21): warning C4244: “=”: 从“double”转换到“float”，可能丢失数据
D:\Desktop\轮足相关\轮足\controllers\controllerCPP\Leg.cpp(63,22): warning C4244: “=”: 从“double”转换到“float”，可能丢失数据
D:\Desktop\轮足相关\轮足\controllers\controllerCPP\Leg.cpp(89,16): warning C4244: “初始化”: 从“double”转换到“float”，可能丢失数据
D:\Desktop\轮足相关\轮足\controllers\controllerCPP\Leg.cpp(92,16): warning C4244: “初始化”: 从“double”转换到“float”，可能丢失数据
D:\Desktop\轮足相关\轮足\controllers\controllerCPP\Leg.cpp(93,16): warning C4244: “初始化”: 从“double”转换到“float”，可能丢失数据
D:\Desktop\轮足相关\轮足\controllers\controllerCPP\Leg.cpp(94,20): warning C4244: “=”: 从“double”转换到“float”，可能丢失数据
D:\Desktop\轮足相关\轮足\controllers\controllerCPP\Leg.cpp(95,21): warning C4244: “=”: 从“double”转换到“float”，可能丢失数据
D:\Desktop\轮足相关\轮足\controllers\controllerCPP\Leg.cpp(99,22): warning C4244: “=”: 从“double”转换到“float”，可能丢失数据
  正在生成代码
  2 of 902 functions ( 0.2%) were compiled, the rest were copied from previous compilation.
    0 functions were new in current compilation
    31 functions had inline decision re-evaluated but remain unchanged
  已完成代码的生成
  controllerCPP.vcxproj -> D:\Desktop\轮足相关\轮足\controllers\controllerCPP\controllerCPP.exe
