  car.c
D:\Desktop\轮足相关\轮足\controllers\my_controller\leg.h(1,1): warning C4819: 该文件包含不能在当前代码页(936)中表示的字符。请将该文件保存为 Unicode 格式以防止数据丢失
  (编译源文件“car.c”)
  
D:\Desktop\轮足相关\轮足\controllers\my_controller\robotparam.h(1,1): warning C4819: 该文件包含不能在当前代码页(936)中表示的字符。请将该文件保存为 Unicode 格式以防止数据丢失
  (编译源文件“car.c”)
  
D:\Desktop\轮足相关\轮足\controllers\my_controller\car.c(25,24): warning C4305: “=”: 从“double”到“float”截断
D:\Desktop\轮足相关\轮足\controllers\my_controller\car.c(39,31): warning C4244: “=”: 从“double”转换到“float”，可能丢失数据
D:\Desktop\轮足相关\轮足\controllers\my_controller\car.c(40,31): warning C4244: “=”: 从“double”转换到“float”，可能丢失数据
D:\Desktop\轮足相关\轮足\controllers\my_controller\car.c(41,31): warning C4244: “=”: 从“double”转换到“float”，可能丢失数据
D:\Desktop\轮足相关\轮足\controllers\my_controller\car.c(42,31): warning C4244: “=”: 从“double”转换到“float”，可能丢失数据
D:\Desktop\轮足相关\轮足\controllers\my_controller\car.c(72,14): warning C4244: “初始化”: 从“double”转换到“float”，可能丢失数据
D:\Desktop\轮足相关\轮足\controllers\my_controller\car.c(73,14): warning C4244: “初始化”: 从“double”转换到“float”，可能丢失数据
D:\Desktop\轮足相关\轮足\controllers\my_controller\car.c(74,14): warning C4244: “初始化”: 从“double”转换到“float”，可能丢失数据
D:\Desktop\轮足相关\轮足\controllers\my_controller\car.c(180,30): warning C4305: “=”: 从“double”到“float”截断
D:\Desktop\轮足相关\轮足\controllers\my_controller\car.c(181,30): warning C4305: “=”: 从“double”到“float”截断
D:\Desktop\轮足相关\轮足\controllers\my_controller\car.c(223,60): warning C4244: “初始化”: 从“double”转换到“float”，可能丢失数据
D:\Desktop\轮足相关\轮足\controllers\my_controller\car.c(224,60): warning C4244: “初始化”: 从“double”转换到“float”，可能丢失数据
D:\Desktop\轮足相关\轮足\controllers\my_controller\car.c(226,68): warning C4244: “初始化”: 从“double”转换到“float”，可能丢失数据
D:\Desktop\轮足相关\轮足\controllers\my_controller\car.c(228,211): warning C4244: “初始化”: 从“double”转换到“float”，可能丢失数据
D:\Desktop\轮足相关\轮足\controllers\my_controller\car.c(229,211): warning C4244: “初始化”: 从“double”转换到“float”，可能丢失数据
  正在生成代码
  5 of 29 functions (17.2%) were compiled, the rest were copied from previous compilation.
    0 functions were new in current compilation
    1 functions had inline decision re-evaluated but remain unchanged
  已完成代码的生成
  my_controller.vcxproj -> D:\Desktop\轮足相关\轮足\controllers\my_controller\my_controller.exe
