  luo_robot.cpp
D:\Cpplabrary\eigen-3.4.0\eigen-3.4.0\Eigen\src\Core\arch\Default\Half.h(1,1): warning C4819: 该文件包含不能在当前代码页(936)中表示的字符。请将该文件保存为 Unicode 格式以防止数据丢失
D:\Cpplabrary\eigen-3.4.0\eigen-3.4.0\Eigen\src\Core\arch\Default\BFloat16.h(1,1): warning C4819: 该文件包含不能在当前代码页(936)中表示的字符。请将该文件保存为 Unicode 格式以防止数据丢失
D:\Cpplabrary\eigen-3.4.0\eigen-3.4.0\Eigen\src\Core\arch\Default\GenericPacketMathFunctions.h(676,1): warning C4819: 该文件包含不能在当前代码页(936)中表示的字符。请将该文件保存为 Unicode 格式以防止数据丢失
C:\Users\belov\Desktop\串联轮腿\webots\controllers\cpp_controller\luo_robot.cpp(21,25): warning C4305: “参数”: 从“double”到“const float”截断
C:\Users\belov\Desktop\串联轮腿\webots\controllers\cpp_controller\luo_robot.cpp(21,39): warning C4305: “参数”: 从“double”到“const float”截断
C:\Users\belov\Desktop\串联轮腿\webots\controllers\cpp_controller\luo_robot.cpp(21,52): warning C4305: “参数”: 从“double”到“const float”截断
C:\Users\belov\Desktop\串联轮腿\webots\controllers\cpp_controller\luo_robot.cpp(21,66): warning C4305: “参数”: 从“double”到“const float”截断
C:\Users\belov\Desktop\串联轮腿\webots\controllers\cpp_controller\luo_robot.cpp(22,7): warning C4305: “参数”: 从“double”到“const float”截断
C:\Users\belov\Desktop\串联轮腿\webots\controllers\cpp_controller\luo_robot.cpp(22,20): warning C4305: “参数”: 从“double”到“const float”截断
C:\Users\belov\Desktop\串联轮腿\webots\controllers\cpp_controller\luo_robot.cpp(22,33): warning C4305: “参数”: 从“double”到“const float”截断
C:\Users\belov\Desktop\串联轮腿\webots\controllers\cpp_controller\luo_robot.cpp(22,47): warning C4305: “参数”: 从“double”到“const float”截断
C:\Users\belov\Desktop\串联轮腿\webots\controllers\cpp_controller\luo_robot.cpp(22,61): warning C4305: “参数”: 从“double”到“const float”截断
C:\Users\belov\Desktop\串联轮腿\webots\controllers\cpp_controller\luo_robot.cpp(23,7): warning C4305: “参数”: 从“double”到“const float”截断
C:\Users\belov\Desktop\串联轮腿\webots\controllers\cpp_controller\luo_robot.cpp(23,20): warning C4305: “参数”: 从“double”到“const float”截断
C:\Users\belov\Desktop\串联轮腿\webots\controllers\cpp_controller\luo_robot.cpp(23,34): warning C4305: “参数”: 从“double”到“const float”截断
C:\Users\belov\Desktop\串联轮腿\webots\controllers\cpp_controller\luo_robot.cpp(23,48): warning C4305: “参数”: 从“double”到“const float”截断
C:\Users\belov\Desktop\串联轮腿\webots\controllers\cpp_controller\luo_robot.cpp(23,61): warning C4305: “参数”: 从“double”到“const float”截断
C:\Users\belov\Desktop\串联轮腿\webots\controllers\cpp_controller\luo_robot.cpp(24,7): warning C4305: “参数”: 从“double”到“const float”截断
C:\Users\belov\Desktop\串联轮腿\webots\controllers\cpp_controller\luo_robot.cpp(24,21): warning C4305: “参数”: 从“double”到“const float”截断
C:\Users\belov\Desktop\串联轮腿\webots\controllers\cpp_controller\luo_robot.cpp(24,35): warning C4305: “参数”: 从“double”到“const float”截断
C:\Users\belov\Desktop\串联轮腿\webots\controllers\cpp_controller\luo_robot.cpp(24,49): warning C4305: “参数”: 从“double”到“const float”截断
C:\Users\belov\Desktop\串联轮腿\webots\controllers\cpp_controller\luo_robot.cpp(24,62): warning C4305: “参数”: 从“double”到“const float”截断
C:\Users\belov\Desktop\串联轮腿\webots\controllers\cpp_controller\luo_robot.cpp(25,7): warning C4305: “参数”: 从“double”到“const float”截断
C:\Users\belov\Desktop\串联轮腿\webots\controllers\cpp_controller\luo_robot.cpp(25,20): warning C4305: “参数”: 从“double”到“const float”截断
C:\Users\belov\Desktop\串联轮腿\webots\controllers\cpp_controller\luo_robot.cpp(25,34): warning C4305: “参数”: 从“double”到“const float”截断
C:\Users\belov\Desktop\串联轮腿\webots\controllers\cpp_controller\luo_robot.cpp(25,47): warning C4305: “参数”: 从“double”到“const float”截断
C:\Users\belov\Desktop\串联轮腿\webots\controllers\cpp_controller\luo_robot.cpp(25,61): warning C4305: “参数”: 从“double”到“const float”截断
C:\Users\belov\Desktop\串联轮腿\webots\controllers\cpp_controller\luo_robot.cpp(26,7): warning C4305: “参数”: 从“double”到“const float”截断
C:\Users\belov\Desktop\串联轮腿\webots\controllers\cpp_controller\luo_robot.cpp(26,20): warning C4305: “参数”: 从“double”到“const float”截断
C:\Users\belov\Desktop\串联轮腿\webots\controllers\cpp_controller\luo_robot.cpp(26,33): warning C4305: “参数”: 从“double”到“const float”截断
C:\Users\belov\Desktop\串联轮腿\webots\controllers\cpp_controller\luo_robot.cpp(26,47): warning C4305: “参数”: 从“double”到“const float”截断
C:\Users\belov\Desktop\串联轮腿\webots\controllers\cpp_controller\luo_robot.cpp(26,60): warning C4305: “参数”: 从“double”到“const float”截断
C:\Users\belov\Desktop\串联轮腿\webots\controllers\cpp_controller\luo_robot.cpp(27,7): warning C4305: “参数”: 从“double”到“const float”截断
C:\Users\belov\Desktop\串联轮腿\webots\controllers\cpp_controller\luo_robot.cpp(27,20): warning C4305: “参数”: 从“double”到“const float”截断
C:\Users\belov\Desktop\串联轮腿\webots\controllers\cpp_controller\luo_robot.cpp(27,34): warning C4305: “参数”: 从“double”到“const float”截断
C:\Users\belov\Desktop\串联轮腿\webots\controllers\cpp_controller\luo_robot.cpp(27,47): warning C4305: “参数”: 从“double”到“const float”截断
C:\Users\belov\Desktop\串联轮腿\webots\controllers\cpp_controller\luo_robot.cpp(27,61): warning C4305: “参数”: 从“double”到“const float”截断
C:\Users\belov\Desktop\串联轮腿\webots\controllers\cpp_controller\luo_robot.cpp(28,7): warning C4305: “参数”: 从“double”到“const float”截断
C:\Users\belov\Desktop\串联轮腿\webots\controllers\cpp_controller\luo_robot.cpp(28,21): warning C4305: “参数”: 从“double”到“const float”截断
C:\Users\belov\Desktop\串联轮腿\webots\controllers\cpp_controller\luo_robot.cpp(28,34): warning C4305: “参数”: 从“double”到“const float”截断
C:\Users\belov\Desktop\串联轮腿\webots\controllers\cpp_controller\luo_robot.cpp(28,48): warning C4305: “参数”: 从“double”到“const float”截断
C:\Users\belov\Desktop\串联轮腿\webots\controllers\cpp_controller\luo_robot.cpp(28,61): warning C4305: “参数”: 从“double”到“const float”截断
C:\Users\belov\Desktop\串联轮腿\webots\controllers\cpp_controller\luo_robot.cpp(29,7): warning C4305: “参数”: 从“double”到“const float”截断
C:\Users\belov\Desktop\串联轮腿\webots\controllers\cpp_controller\luo_robot.cpp(29,19): warning C4305: “参数”: 从“double”到“const float”截断
C:\Users\belov\Desktop\串联轮腿\webots\controllers\cpp_controller\luo_robot.cpp(29,32): warning C4305: “参数”: 从“double”到“const float”截断
C:\Users\belov\Desktop\串联轮腿\webots\controllers\cpp_controller\luo_robot.cpp(29,46): warning C4305: “参数”: 从“double”到“const float”截断
C:\Users\belov\Desktop\串联轮腿\webots\controllers\cpp_controller\luo_robot.cpp(29,58): warning C4305: “参数”: 从“double”到“const float”截断
C:\Users\belov\Desktop\串联轮腿\webots\controllers\cpp_controller\luo_robot.cpp(30,7): warning C4305: “参数”: 从“double”到“const float”截断
C:\Users\belov\Desktop\串联轮腿\webots\controllers\cpp_controller\luo_robot.cpp(30,20): warning C4305: “参数”: 从“double”到“const float”截断
C:\Users\belov\Desktop\串联轮腿\webots\controllers\cpp_controller\luo_robot.cpp(30,34): warning C4305: “参数”: 从“double”到“const float”截断
C:\Users\belov\Desktop\串联轮腿\webots\controllers\cpp_controller\luo_robot.cpp(30,47): warning C4305: “参数”: 从“double”到“const float”截断
C:\Users\belov\Desktop\串联轮腿\webots\controllers\cpp_controller\luo_robot.cpp(32,26): warning C4305: “参数”: 从“double”到“const float”截断
C:\Users\belov\Desktop\串联轮腿\webots\controllers\cpp_controller\luo_robot.cpp(32,45): warning C4305: “参数”: 从“double”到“const float”截断
C:\Users\belov\Desktop\串联轮腿\webots\controllers\cpp_controller\luo_robot.cpp(32,63): warning C4305: “参数”: 从“double”到“const float”截断
C:\Users\belov\Desktop\串联轮腿\webots\controllers\cpp_controller\luo_robot.cpp(33,7): warning C4305: “参数”: 从“double”到“const float”截断
  正在生成代码
  Previous IPDB and IOBJ mismatch, fall back to full compilation.
  All 1116 functions were compiled because no usable IPDB/IOBJ from previous compilation was found.
  已完成代码的生成
  cpp_controller.vcxproj -> C:\Users\belov\Desktop\串联轮腿\webots\controllers\cpp_controller\cpp_controller.exe
